16-Jul-2022 04:16:46.293 INFO [main] org.apache.catalina.startup.VersionLoggerListener.log Server version name:   Apache Tomcat/9.0.64
16-Jul-2022 04:16:46.295 INFO [main] org.apache.catalina.startup.VersionLoggerListener.log Server built:          Jun 2 2022 19:08:46 UTC
16-Jul-2022 04:16:46.295 INFO [main] org.apache.catalina.startup.VersionLoggerListener.log Server version number: 9.0.64.0
16-Jul-2022 04:16:46.295 INFO [main] org.apache.catalina.startup.VersionLoggerListener.log OS Name:               Linux
16-Jul-2022 04:16:46.295 INFO [main] org.apache.catalina.startup.VersionLoggerListener.log OS Version:            5.10.102.1-microsoft-standard-WSL2
16-Jul-2022 04:16:46.295 INFO [main] org.apache.catalina.startup.VersionLoggerListener.log Architecture:          amd64
16-Jul-2022 04:16:46.296 INFO [main] org.apache.catalina.startup.VersionLoggerListener.log Java Home:             /usr/lib/jvm/java-8-openjdk-amd64/jre
16-Jul-2022 04:16:46.296 INFO [main] org.apache.catalina.startup.VersionLoggerListener.log JVM Version:           1.8.0_312-8u312-b07-0ubuntu1~20.04-b07
16-Jul-2022 04:16:46.296 INFO [main] org.apache.catalina.startup.VersionLoggerListener.log JVM Vendor:            Private Build
16-Jul-2022 04:16:46.296 INFO [main] org.apache.catalina.startup.VersionLoggerListener.log CATALINA_BASE:         /home/vitor_recoaro/UFSCar/2022.1/DSW/WEB1-Pratica-Servlet/apache-tomcat-9.0.64
16-Jul-2022 04:16:46.296 INFO [main] org.apache.catalina.startup.VersionLoggerListener.log CATALINA_HOME:         /home/vitor_recoaro/UFSCar/2022.1/DSW/WEB1-Pratica-Servlet/apache-tomcat-9.0.64
16-Jul-2022 04:16:46.304 INFO [main] org.apache.catalina.startup.VersionLoggerListener.log Command line argument: -Djava.util.logging.config.file=/home/vitor_recoaro/UFSCar/2022.1/DSW/WEB1-Pratica-Servlet/apache-tomcat-9.0.64/conf/logging.properties
16-Jul-2022 04:16:46.304 INFO [main] org.apache.catalina.startup.VersionLoggerListener.log Command line argument: -Djava.util.logging.manager=org.apache.juli.ClassLoaderLogManager
16-Jul-2022 04:16:46.304 INFO [main] org.apache.catalina.startup.VersionLoggerListener.log Command line argument: -Djdk.tls.ephemeralDHKeySize=2048
16-Jul-2022 04:16:46.304 INFO [main] org.apache.catalina.startup.VersionLoggerListener.log Command line argument: -Djava.protocol.handler.pkgs=org.apache.catalina.webresources
16-Jul-2022 04:16:46.304 INFO [main] org.apache.catalina.startup.VersionLoggerListener.log Command line argument: -Dorg.apache.catalina.security.SecurityListener.UMASK=0027
16-Jul-2022 04:16:46.305 INFO [main] org.apache.catalina.startup.VersionLoggerListener.log Command line argument: -Dignore.endorsed.dirs=
16-Jul-2022 04:16:46.305 INFO [main] org.apache.catalina.startup.VersionLoggerListener.log Command line argument: -Dcatalina.base=/home/vitor_recoaro/UFSCar/2022.1/DSW/WEB1-Pratica-Servlet/apache-tomcat-9.0.64
16-Jul-2022 04:16:46.305 INFO [main] org.apache.catalina.startup.VersionLoggerListener.log Command line argument: -Dcatalina.home=/home/vitor_recoaro/UFSCar/2022.1/DSW/WEB1-Pratica-Servlet/apache-tomcat-9.0.64
16-Jul-2022 04:16:46.305 INFO [main] org.apache.catalina.startup.VersionLoggerListener.log Command line argument: -Djava.io.tmpdir=/home/vitor_recoaro/UFSCar/2022.1/DSW/WEB1-Pratica-Servlet/apache-tomcat-9.0.64/temp
16-Jul-2022 04:16:46.308 INFO [main] org.apache.catalina.core.AprLifecycleListener.lifecycleEvent The Apache Tomcat Native library which allows using OpenSSL was not found on the java.library.path: [/usr/java/packages/lib/amd64:/usr/lib/x86_64-linux-gnu/jni:/lib/x86_64-linux-gnu:/usr/lib/x86_64-linux-gnu:/usr/lib/jni:/lib:/usr/lib]
16-Jul-2022 04:16:46.723 INFO [main] org.apache.coyote.AbstractProtocol.init Initializing ProtocolHandler ["http-nio-8080"]
16-Jul-2022 04:16:46.757 INFO [main] org.apache.catalina.startup.Catalina.load Server initialization in [1010] milliseconds
16-Jul-2022 04:16:46.808 INFO [main] org.apache.catalina.core.StandardService.startInternal Starting service [Catalina]
16-Jul-2022 04:16:46.809 INFO [main] org.apache.catalina.core.StandardEngine.startInternal Starting Servlet engine: [Apache Tomcat/9.0.64]
16-Jul-2022 04:16:46.821 INFO [main] org.apache.catalina.startup.HostConfig.deployDirectory Deploying web application directory [/home/vitor_recoaro/UFSCar/2022.1/DSW/WEB1-Pratica-Servlet/apache-tomcat-9.0.64/webapps/docs]
16-Jul-2022 04:16:47.077 INFO [main] org.apache.catalina.startup.HostConfig.deployDirectory Deployment of web application directory [/home/vitor_recoaro/UFSCar/2022.1/DSW/WEB1-Pratica-Servlet/apache-tomcat-9.0.64/webapps/docs] has finished in [255] ms
16-Jul-2022 04:16:47.077 INFO [main] org.apache.catalina.startup.HostConfig.deployDirectory Deploying web application directory [/home/vitor_recoaro/UFSCar/2022.1/DSW/WEB1-Pratica-Servlet/apache-tomcat-9.0.64/webapps/host-manager]
16-Jul-2022 04:16:47.115 INFO [main] org.apache.catalina.startup.HostConfig.deployDirectory Deployment of web application directory [/home/vitor_recoaro/UFSCar/2022.1/DSW/WEB1-Pratica-Servlet/apache-tomcat-9.0.64/webapps/host-manager] has finished in [37] ms
16-Jul-2022 04:16:47.115 INFO [main] org.apache.catalina.startup.HostConfig.deployDirectory Deploying web application directory [/home/vitor_recoaro/UFSCar/2022.1/DSW/WEB1-Pratica-Servlet/apache-tomcat-9.0.64/webapps/manager]
16-Jul-2022 04:16:47.145 INFO [main] org.apache.catalina.startup.HostConfig.deployDirectory Deployment of web application directory [/home/vitor_recoaro/UFSCar/2022.1/DSW/WEB1-Pratica-Servlet/apache-tomcat-9.0.64/webapps/manager] has finished in [30] ms
16-Jul-2022 04:16:47.145 INFO [main] org.apache.catalina.startup.HostConfig.deployDirectory Deploying web application directory [/home/vitor_recoaro/UFSCar/2022.1/DSW/WEB1-Pratica-Servlet/apache-tomcat-9.0.64/webapps/examples]
16-Jul-2022 04:16:47.401 INFO [main] org.apache.catalina.startup.HostConfig.deployDirectory Deployment of web application directory [/home/vitor_recoaro/UFSCar/2022.1/DSW/WEB1-Pratica-Servlet/apache-tomcat-9.0.64/webapps/examples] has finished in [255] ms
16-Jul-2022 04:16:47.401 INFO [main] org.apache.catalina.startup.HostConfig.deployDirectory Deploying web application directory [/home/vitor_recoaro/UFSCar/2022.1/DSW/WEB1-Pratica-Servlet/apache-tomcat-9.0.64/webapps/ROOT]
16-Jul-2022 04:16:47.418 INFO [main] org.apache.catalina.startup.HostConfig.deployDirectory Deployment of web application directory [/home/vitor_recoaro/UFSCar/2022.1/DSW/WEB1-Pratica-Servlet/apache-tomcat-9.0.64/webapps/ROOT] has finished in [17] ms
16-Jul-2022 04:16:47.426 INFO [main] org.apache.coyote.AbstractProtocol.start Starting ProtocolHandler ["http-nio-8080"]
16-Jul-2022 04:16:47.458 INFO [main] org.apache.catalina.startup.Catalina.start Server startup in [700] milliseconds
